<?xml version="1.0" encoding="UTF-8"?>
<testsuite xmlns:xsi="http://www.w3.org/2001/XMLSchema-instance" xsi:noNamespaceSchemaLocation="https://maven.apache.org/surefire/maven-surefire-plugin/xsd/surefire-test-report.xsd" version="3.0.2" name="com.example.oracleDbContainer.InitializedDatabaseTest" time="19.884" tests="1" errors="0" skipped="0" failures="0">
  <properties>
    <property name="java.specification.version" value="22"/>
    <property name="sun.jnu.encoding" value="UTF-8"/>
    <property name="java.class.path" value="/Users/fernandadiaz/Downloads/OracleDbContainer_A01639572/target/test-classes:/Users/fernandadiaz/Downloads/OracleDbContainer_A01639572/target/classes:/Users/fernandadiaz/.m2/repository/org/springframework/boot/spring-boot-starter/3.4.5/spring-boot-starter-3.4.5.jar:/Users/fernandadiaz/.m2/repository/org/springframework/boot/spring-boot/3.4.5/spring-boot-3.4.5.jar:/Users/fernandadiaz/.m2/repository/org/springframework/spring-context/6.2.6/spring-context-6.2.6.jar:/Users/fernandadiaz/.m2/repository/org/springframework/spring-aop/6.2.6/spring-aop-6.2.6.jar:/Users/fernandadiaz/.m2/repository/org/springframework/spring-beans/6.2.6/spring-beans-6.2.6.jar:/Users/fernandadiaz/.m2/repository/org/springframework/spring-expression/6.2.6/spring-expression-6.2.6.jar:/Users/fernandadiaz/.m2/repository/io/micrometer/micrometer-observation/1.14.6/micrometer-observation-1.14.6.jar:/Users/fernandadiaz/.m2/repository/io/micrometer/micrometer-commons/1.14.6/micrometer-commons-1.14.6.jar:/Users/fernandadiaz/.m2/repository/org/springframework/boot/spring-boot-autoconfigure/3.4.5/spring-boot-autoconfigure-3.4.5.jar:/Users/fernandadiaz/.m2/repository/org/springframework/boot/spring-boot-starter-logging/3.4.5/spring-boot-starter-logging-3.4.5.jar:/Users/fernandadiaz/.m2/repository/ch/qos/logback/logback-classic/1.5.18/logback-classic-1.5.18.jar:/Users/fernandadiaz/.m2/repository/ch/qos/logback/logback-core/1.5.18/logback-core-1.5.18.jar:/Users/fernandadiaz/.m2/repository/org/apache/logging/log4j/log4j-to-slf4j/2.24.3/log4j-to-slf4j-2.24.3.jar:/Users/fernandadiaz/.m2/repository/org/apache/logging/log4j/log4j-api/2.24.3/log4j-api-2.24.3.jar:/Users/fernandadiaz/.m2/repository/org/slf4j/jul-to-slf4j/2.0.17/jul-to-slf4j-2.0.17.jar:/Users/fernandadiaz/.m2/repository/jakarta/annotation/jakarta.annotation-api/2.1.1/jakarta.annotation-api-2.1.1.jar:/Users/fernandadiaz/.m2/repository/org/springframework/spring-core/6.2.6/spring-core-6.2.6.jar:/Users/fernandadiaz/.m2/repository/org/springframework/spring-jcl/6.2.6/spring-jcl-6.2.6.jar:/Users/fernandadiaz/.m2/repository/org/yaml/snakeyaml/2.3/snakeyaml-2.3.jar:/Users/fernandadiaz/.m2/repository/com/oracle/database/jdbc/ojdbc11/23.5.0.24.07/ojdbc11-23.5.0.24.07.jar:/Users/fernandadiaz/.m2/repository/org/springframework/boot/spring-boot-starter-test/3.4.5/spring-boot-starter-test-3.4.5.jar:/Users/fernandadiaz/.m2/repository/org/springframework/boot/spring-boot-test/3.4.5/spring-boot-test-3.4.5.jar:/Users/fernandadiaz/.m2/repository/org/springframework/boot/spring-boot-test-autoconfigure/3.4.5/spring-boot-test-autoconfigure-3.4.5.jar:/Users/fernandadiaz/.m2/repository/com/jayway/jsonpath/json-path/2.9.0/json-path-2.9.0.jar:/Users/fernandadiaz/.m2/repository/org/slf4j/slf4j-api/2.0.17/slf4j-api-2.0.17.jar:/Users/fernandadiaz/.m2/repository/jakarta/xml/bind/jakarta.xml.bind-api/4.0.2/jakarta.xml.bind-api-4.0.2.jar:/Users/fernandadiaz/.m2/repository/jakarta/activation/jakarta.activation-api/2.1.3/jakarta.activation-api-2.1.3.jar:/Users/fernandadiaz/.m2/repository/net/minidev/json-smart/2.5.2/json-smart-2.5.2.jar:/Users/fernandadiaz/.m2/repository/net/minidev/accessors-smart/2.5.2/accessors-smart-2.5.2.jar:/Users/fernandadiaz/.m2/repository/org/ow2/asm/asm/9.7.1/asm-9.7.1.jar:/Users/fernandadiaz/.m2/repository/org/assertj/assertj-core/3.26.3/assertj-core-3.26.3.jar:/Users/fernandadiaz/.m2/repository/net/bytebuddy/byte-buddy/1.15.11/byte-buddy-1.15.11.jar:/Users/fernandadiaz/.m2/repository/org/awaitility/awaitility/4.2.2/awaitility-4.2.2.jar:/Users/fernandadiaz/.m2/repository/org/hamcrest/hamcrest/2.2/hamcrest-2.2.jar:/Users/fernandadiaz/.m2/repository/org/junit/jupiter/junit-jupiter/5.11.4/junit-jupiter-5.11.4.jar:/Users/fernandadiaz/.m2/repository/org/junit/jupiter/junit-jupiter-api/5.11.4/junit-jupiter-api-5.11.4.jar:/Users/fernandadiaz/.m2/repository/org/opentest4j/opentest4j/1.3.0/opentest4j-1.3.0.jar:/Users/fernandadiaz/.m2/repository/org/junit/platform/junit-platform-commons/1.11.4/junit-platform-commons-1.11.4.jar:/Users/fernandadiaz/.m2/repository/org/apiguardian/apiguardian-api/1.1.2/apiguardian-api-1.1.2.jar:/Users/fernandadiaz/.m2/repository/org/junit/jupiter/junit-jupiter-params/5.11.4/junit-jupiter-params-5.11.4.jar:/Users/fernandadiaz/.m2/repository/org/junit/jupiter/junit-jupiter-engine/5.11.4/junit-jupiter-engine-5.11.4.jar:/Users/fernandadiaz/.m2/repository/org/junit/platform/junit-platform-engine/1.11.4/junit-platform-engine-1.11.4.jar:/Users/fernandadiaz/.m2/repository/org/mockito/mockito-core/5.14.2/mockito-core-5.14.2.jar:/Users/fernandadiaz/.m2/repository/net/bytebuddy/byte-buddy-agent/1.15.11/byte-buddy-agent-1.15.11.jar:/Users/fernandadiaz/.m2/repository/org/objenesis/objenesis/3.3/objenesis-3.3.jar:/Users/fernandadiaz/.m2/repository/org/mockito/mockito-junit-jupiter/5.14.2/mockito-junit-jupiter-5.14.2.jar:/Users/fernandadiaz/.m2/repository/org/skyscreamer/jsonassert/1.5.3/jsonassert-1.5.3.jar:/Users/fernandadiaz/.m2/repository/com/vaadin/external/google/android-json/0.0.20131108.vaadin1/android-json-0.0.20131108.vaadin1.jar:/Users/fernandadiaz/.m2/repository/org/springframework/spring-test/6.2.6/spring-test-6.2.6.jar:/Users/fernandadiaz/.m2/repository/org/xmlunit/xmlunit-core/2.10.0/xmlunit-core-2.10.0.jar:/Users/fernandadiaz/.m2/repository/org/springframework/boot/spring-boot-testcontainers/3.4.5/spring-boot-testcontainers-3.4.5.jar:/Users/fernandadiaz/.m2/repository/org/testcontainers/testcontainers/1.20.6/testcontainers-1.20.6.jar:/Users/fernandadiaz/.m2/repository/junit/junit/4.13.2/junit-4.13.2.jar:/Users/fernandadiaz/.m2/repository/org/hamcrest/hamcrest-core/2.2/hamcrest-core-2.2.jar:/Users/fernandadiaz/.m2/repository/org/apache/commons/commons-compress/1.24.0/commons-compress-1.24.0.jar:/Users/fernandadiaz/.m2/repository/org/rnorth/duct-tape/duct-tape/1.0.8/duct-tape-1.0.8.jar:/Users/fernandadiaz/.m2/repository/org/jetbrains/annotations/17.0.0/annotations-17.0.0.jar:/Users/fernandadiaz/.m2/repository/com/github/docker-java/docker-java-api/3.4.1/docker-java-api-3.4.1.jar:/Users/fernandadiaz/.m2/repository/com/fasterxml/jackson/core/jackson-annotations/2.18.3/jackson-annotations-2.18.3.jar:/Users/fernandadiaz/.m2/repository/com/github/docker-java/docker-java-transport-zerodep/3.4.1/docker-java-transport-zerodep-3.4.1.jar:/Users/fernandadiaz/.m2/repository/com/github/docker-java/docker-java-transport/3.4.1/docker-java-transport-3.4.1.jar:/Users/fernandadiaz/.m2/repository/net/java/dev/jna/jna/5.13.0/jna-5.13.0.jar:/Users/fernandadiaz/.m2/repository/org/testcontainers/junit-jupiter/1.20.6/junit-jupiter-1.20.6.jar:/Users/fernandadiaz/.m2/repository/org/testcontainers/oracle-free/1.20.6/oracle-free-1.20.6.jar:/Users/fernandadiaz/.m2/repository/org/testcontainers/jdbc/1.20.6/jdbc-1.20.6.jar:/Users/fernandadiaz/.m2/repository/org/testcontainers/database-commons/1.20.6/database-commons-1.20.6.jar:"/>
    <property name="java.vm.vendor" value="Oracle Corporation"/>
    <property name="sun.arch.data.model" value="64"/>
    <property name="java.vendor.url" value="https://java.oracle.com/"/>
    <property name="user.timezone" value="America/Mexico_City"/>
    <property name="os.name" value="Mac OS X"/>
    <property name="java.vm.specification.version" value="22"/>
    <property name="APPLICATION_NAME" value="oracleDbContainer"/>
    <property name="sun.java.launcher" value="SUN_STANDARD"/>
    <property name="user.country" value="MX"/>
    <property name="sun.boot.library.path" value="/Library/Java/JavaVirtualMachines/jdk-22.jdk/Contents/Home/lib"/>
    <property name="sun.java.command" value="/Users/fernandadiaz/Downloads/OracleDbContainer_A01639572/target/surefire/surefirebooter-20250428094152771_3.jar /Users/fernandadiaz/Downloads/OracleDbContainer_A01639572/target/surefire 2025-04-28T09-41-52_731-jvmRun1 surefire-20250428094152771_1tmp surefire_0-20250428094152771_2tmp"/>
    <property name="http.nonProxyHosts" value="local|*.local|169.254/16|*.169.254/16"/>
    <property name="jdk.debug" value="release"/>
    <property name="surefire.test.class.path" value="/Users/fernandadiaz/Downloads/OracleDbContainer_A01639572/target/test-classes:/Users/fernandadiaz/Downloads/OracleDbContainer_A01639572/target/classes:/Users/fernandadiaz/.m2/repository/org/springframework/boot/spring-boot-starter/3.4.5/spring-boot-starter-3.4.5.jar:/Users/fernandadiaz/.m2/repository/org/springframework/boot/spring-boot/3.4.5/spring-boot-3.4.5.jar:/Users/fernandadiaz/.m2/repository/org/springframework/spring-context/6.2.6/spring-context-6.2.6.jar:/Users/fernandadiaz/.m2/repository/org/springframework/spring-aop/6.2.6/spring-aop-6.2.6.jar:/Users/fernandadiaz/.m2/repository/org/springframework/spring-beans/6.2.6/spring-beans-6.2.6.jar:/Users/fernandadiaz/.m2/repository/org/springframework/spring-expression/6.2.6/spring-expression-6.2.6.jar:/Users/fernandadiaz/.m2/repository/io/micrometer/micrometer-observation/1.14.6/micrometer-observation-1.14.6.jar:/Users/fernandadiaz/.m2/repository/io/micrometer/micrometer-commons/1.14.6/micrometer-commons-1.14.6.jar:/Users/fernandadiaz/.m2/repository/org/springframework/boot/spring-boot-autoconfigure/3.4.5/spring-boot-autoconfigure-3.4.5.jar:/Users/fernandadiaz/.m2/repository/org/springframework/boot/spring-boot-starter-logging/3.4.5/spring-boot-starter-logging-3.4.5.jar:/Users/fernandadiaz/.m2/repository/ch/qos/logback/logback-classic/1.5.18/logback-classic-1.5.18.jar:/Users/fernandadiaz/.m2/repository/ch/qos/logback/logback-core/1.5.18/logback-core-1.5.18.jar:/Users/fernandadiaz/.m2/repository/org/apache/logging/log4j/log4j-to-slf4j/2.24.3/log4j-to-slf4j-2.24.3.jar:/Users/fernandadiaz/.m2/repository/org/apache/logging/log4j/log4j-api/2.24.3/log4j-api-2.24.3.jar:/Users/fernandadiaz/.m2/repository/org/slf4j/jul-to-slf4j/2.0.17/jul-to-slf4j-2.0.17.jar:/Users/fernandadiaz/.m2/repository/jakarta/annotation/jakarta.annotation-api/2.1.1/jakarta.annotation-api-2.1.1.jar:/Users/fernandadiaz/.m2/repository/org/springframework/spring-core/6.2.6/spring-core-6.2.6.jar:/Users/fernandadiaz/.m2/repository/org/springframework/spring-jcl/6.2.6/spring-jcl-6.2.6.jar:/Users/fernandadiaz/.m2/repository/org/yaml/snakeyaml/2.3/snakeyaml-2.3.jar:/Users/fernandadiaz/.m2/repository/com/oracle/database/jdbc/ojdbc11/23.5.0.24.07/ojdbc11-23.5.0.24.07.jar:/Users/fernandadiaz/.m2/repository/org/springframework/boot/spring-boot-starter-test/3.4.5/spring-boot-starter-test-3.4.5.jar:/Users/fernandadiaz/.m2/repository/org/springframework/boot/spring-boot-test/3.4.5/spring-boot-test-3.4.5.jar:/Users/fernandadiaz/.m2/repository/org/springframework/boot/spring-boot-test-autoconfigure/3.4.5/spring-boot-test-autoconfigure-3.4.5.jar:/Users/fernandadiaz/.m2/repository/com/jayway/jsonpath/json-path/2.9.0/json-path-2.9.0.jar:/Users/fernandadiaz/.m2/repository/org/slf4j/slf4j-api/2.0.17/slf4j-api-2.0.17.jar:/Users/fernandadiaz/.m2/repository/jakarta/xml/bind/jakarta.xml.bind-api/4.0.2/jakarta.xml.bind-api-4.0.2.jar:/Users/fernandadiaz/.m2/repository/jakarta/activation/jakarta.activation-api/2.1.3/jakarta.activation-api-2.1.3.jar:/Users/fernandadiaz/.m2/repository/net/minidev/json-smart/2.5.2/json-smart-2.5.2.jar:/Users/fernandadiaz/.m2/repository/net/minidev/accessors-smart/2.5.2/accessors-smart-2.5.2.jar:/Users/fernandadiaz/.m2/repository/org/ow2/asm/asm/9.7.1/asm-9.7.1.jar:/Users/fernandadiaz/.m2/repository/org/assertj/assertj-core/3.26.3/assertj-core-3.26.3.jar:/Users/fernandadiaz/.m2/repository/net/bytebuddy/byte-buddy/1.15.11/byte-buddy-1.15.11.jar:/Users/fernandadiaz/.m2/repository/org/awaitility/awaitility/4.2.2/awaitility-4.2.2.jar:/Users/fernandadiaz/.m2/repository/org/hamcrest/hamcrest/2.2/hamcrest-2.2.jar:/Users/fernandadiaz/.m2/repository/org/junit/jupiter/junit-jupiter/5.11.4/junit-jupiter-5.11.4.jar:/Users/fernandadiaz/.m2/repository/org/junit/jupiter/junit-jupiter-api/5.11.4/junit-jupiter-api-5.11.4.jar:/Users/fernandadiaz/.m2/repository/org/opentest4j/opentest4j/1.3.0/opentest4j-1.3.0.jar:/Users/fernandadiaz/.m2/repository/org/junit/platform/junit-platform-commons/1.11.4/junit-platform-commons-1.11.4.jar:/Users/fernandadiaz/.m2/repository/org/apiguardian/apiguardian-api/1.1.2/apiguardian-api-1.1.2.jar:/Users/fernandadiaz/.m2/repository/org/junit/jupiter/junit-jupiter-params/5.11.4/junit-jupiter-params-5.11.4.jar:/Users/fernandadiaz/.m2/repository/org/junit/jupiter/junit-jupiter-engine/5.11.4/junit-jupiter-engine-5.11.4.jar:/Users/fernandadiaz/.m2/repository/org/junit/platform/junit-platform-engine/1.11.4/junit-platform-engine-1.11.4.jar:/Users/fernandadiaz/.m2/repository/org/mockito/mockito-core/5.14.2/mockito-core-5.14.2.jar:/Users/fernandadiaz/.m2/repository/net/bytebuddy/byte-buddy-agent/1.15.11/byte-buddy-agent-1.15.11.jar:/Users/fernandadiaz/.m2/repository/org/objenesis/objenesis/3.3/objenesis-3.3.jar:/Users/fernandadiaz/.m2/repository/org/mockito/mockito-junit-jupiter/5.14.2/mockito-junit-jupiter-5.14.2.jar:/Users/fernandadiaz/.m2/repository/org/skyscreamer/jsonassert/1.5.3/jsonassert-1.5.3.jar:/Users/fernandadiaz/.m2/repository/com/vaadin/external/google/android-json/0.0.20131108.vaadin1/android-json-0.0.20131108.vaadin1.jar:/Users/fernandadiaz/.m2/repository/org/springframework/spring-test/6.2.6/spring-test-6.2.6.jar:/Users/fernandadiaz/.m2/repository/org/xmlunit/xmlunit-core/2.10.0/xmlunit-core-2.10.0.jar:/Users/fernandadiaz/.m2/repository/org/springframework/boot/spring-boot-testcontainers/3.4.5/spring-boot-testcontainers-3.4.5.jar:/Users/fernandadiaz/.m2/repository/org/testcontainers/testcontainers/1.20.6/testcontainers-1.20.6.jar:/Users/fernandadiaz/.m2/repository/junit/junit/4.13.2/junit-4.13.2.jar:/Users/fernandadiaz/.m2/repository/org/hamcrest/hamcrest-core/2.2/hamcrest-core-2.2.jar:/Users/fernandadiaz/.m2/repository/org/apache/commons/commons-compress/1.24.0/commons-compress-1.24.0.jar:/Users/fernandadiaz/.m2/repository/org/rnorth/duct-tape/duct-tape/1.0.8/duct-tape-1.0.8.jar:/Users/fernandadiaz/.m2/repository/org/jetbrains/annotations/17.0.0/annotations-17.0.0.jar:/Users/fernandadiaz/.m2/repository/com/github/docker-java/docker-java-api/3.4.1/docker-java-api-3.4.1.jar:/Users/fernandadiaz/.m2/repository/com/fasterxml/jackson/core/jackson-annotations/2.18.3/jackson-annotations-2.18.3.jar:/Users/fernandadiaz/.m2/repository/com/github/docker-java/docker-java-transport-zerodep/3.4.1/docker-java-transport-zerodep-3.4.1.jar:/Users/fernandadiaz/.m2/repository/com/github/docker-java/docker-java-transport/3.4.1/docker-java-transport-3.4.1.jar:/Users/fernandadiaz/.m2/repository/net/java/dev/jna/jna/5.13.0/jna-5.13.0.jar:/Users/fernandadiaz/.m2/repository/org/testcontainers/junit-jupiter/1.20.6/junit-jupiter-1.20.6.jar:/Users/fernandadiaz/.m2/repository/org/testcontainers/oracle-free/1.20.6/oracle-free-1.20.6.jar:/Users/fernandadiaz/.m2/repository/org/testcontainers/jdbc/1.20.6/jdbc-1.20.6.jar:/Users/fernandadiaz/.m2/repository/org/testcontainers/database-commons/1.20.6/database-commons-1.20.6.jar:"/>
    <property name="sun.cpu.endian" value="little"/>
    <property name="user.home" value="/Users/fernandadiaz"/>
    <property name="user.language" value="en"/>
    <property name="java.specification.vendor" value="Oracle Corporation"/>
    <property name="java.version.date" value="2024-04-16"/>
    <property name="java.home" value="/Library/Java/JavaVirtualMachines/jdk-22.jdk/Contents/Home"/>
    <property name="file.separator" value="/"/>
    <property name="basedir" value="/Users/fernandadiaz/Downloads/OracleDbContainer_A01639572"/>
    <property name="java.vm.compressedOopsMode" value="Zero based"/>
    <property name="line.separator" value="&#10;"/>
    <property name="java.vm.specification.vendor" value="Oracle Corporation"/>
    <property name="java.specification.name" value="Java Platform API Specification"/>
    <property name="FILE_LOG_CHARSET" value="UTF-8"/>
    <property name="java.awt.headless" value="true"/>
    <property name="apple.awt.application.name" value="ForkedBooter"/>
    <property name="surefire.real.class.path" value="/Users/fernandadiaz/Downloads/OracleDbContainer_A01639572/target/surefire/surefirebooter-20250428094152771_3.jar"/>
    <property name="sun.management.compiler" value="HotSpot 64-Bit Tiered Compilers"/>
    <property name="ftp.nonProxyHosts" value="local|*.local|169.254/16|*.169.254/16"/>
    <property name="java.runtime.version" value="22.0.1+8-16"/>
    <property name="user.name" value="fernandadiaz"/>
    <property name="stdout.encoding" value="UTF-8"/>
    <property name="path.separator" value=":"/>
    <property name="os.version" value="15.3.1"/>
    <property name="java.runtime.name" value="Java(TM) SE Runtime Environment"/>
    <property name="file.encoding" value="UTF-8"/>
    <property name="java.vm.name" value="Java HotSpot(TM) 64-Bit Server VM"/>
    <property name="localRepository" value="/Users/fernandadiaz/.m2/repository"/>
    <property name="java.vendor.url.bug" value="https://bugreport.java.com/bugreport/"/>
    <property name="java.io.tmpdir" value="/var/folders/63/0zrjjb6j0dd8sp34h3qczdv40000gn/T/"/>
    <property name="java.version" value="22.0.1"/>
    <property name="user.dir" value="/Users/fernandadiaz/Downloads/OracleDbContainer_A01639572"/>
    <property name="os.arch" value="aarch64"/>
    <property name="java.vm.specification.name" value="Java Virtual Machine Specification"/>
    <property name="PID" value="15805"/>
    <property name="CONSOLE_LOG_CHARSET" value="UTF-8"/>
    <property name="native.encoding" value="UTF-8"/>
    <property name="java.library.path" value="/Users/fernandadiaz/Library/Java/Extensions:/Library/Java/Extensions:/Network/Library/Java/Extensions:/System/Library/Java/Extensions:/usr/lib/java:."/>
    <property name="java.vm.info" value="mixed mode, sharing"/>
    <property name="stderr.encoding" value="UTF-8"/>
    <property name="java.vendor" value="Oracle Corporation"/>
    <property name="java.vm.version" value="22.0.1+8-16"/>
    <property name="sun.io.unicode.encoding" value="UnicodeBig"/>
    <property name="socksNonProxyHosts" value="local|*.local|169.254/16|*.169.254/16"/>
    <property name="java.class.version" value="66.0"/>
    <property name="LOGGED_APPLICATION_NAME" value="[oracleDbContainer] "/>
  </properties>
  <testcase name="getSprint" classname="com.example.oracleDbContainer.InitializedDatabaseTest" time="0.13">
    <system-out><![CDATA[2025-04-28T09:41:53.944-06:00  INFO 15805 --- [oracleDbContainer] [           main] org.testcontainers.images.PullPolicy     : Image pull policy will be performed by: DefaultPullPolicy()
2025-04-28T09:41:53.945-06:00  INFO 15805 --- [oracleDbContainer] [           main] o.t.utility.ImageNameSubstitutor         : Image name substitution will be performed by: DefaultImageNameSubstitutor (composite of 'ConfigurationFileImageNameSubstitutor' and 'PrefixingImageNameSubstitutor')
2025-04-28T09:41:53.950-06:00  INFO 15805 --- [oracleDbContainer] [           main] org.testcontainers.DockerClientFactory   : Testcontainers version: 1.20.6
2025-04-28T09:41:54.054-06:00  INFO 15805 --- [oracleDbContainer] [           main] o.t.d.DockerClientProviderStrategy       : Loaded org.testcontainers.dockerclient.UnixSocketClientProviderStrategy from ~/.testcontainers.properties, will try it first
2025-04-28T09:41:54.168-06:00  INFO 15805 --- [oracleDbContainer] [           main] o.t.d.DockerClientProviderStrategy       : Found Docker environment with local Unix socket (unix:///var/run/docker.sock)
2025-04-28T09:41:54.169-06:00  INFO 15805 --- [oracleDbContainer] [           main] org.testcontainers.DockerClientFactory   : Docker host IP address is localhost
2025-04-28T09:41:54.179-06:00  INFO 15805 --- [oracleDbContainer] [           main] org.testcontainers.DockerClientFactory   : Connected to docker: 
  Server Version: 28.0.1
  API Version: 1.48
  Operating System: Docker Desktop
  Total Memory: 3919 MB
  Labels: 
    com.docker.desktop.address=unix:///Users/fernandadiaz/Library/Containers/com.docker.docker/Data/docker-cli.sock
2025-04-28T09:41:54.187-06:00  INFO 15805 --- [oracleDbContainer] [           main] tc.testcontainers/ryuk:0.11.0            : Creating container for image: testcontainers/ryuk:0.11.0
2025-04-28T09:41:56.034-06:00  INFO 15805 --- [oracleDbContainer] [           main] tc.testcontainers/ryuk:0.11.0            : Container testcontainers/ryuk:0.11.0 is starting: f8fa4c9575c58fe618245e312ab6ac10079836972ffc38421164f5f682a81a28
2025-04-28T09:41:56.508-06:00  INFO 15805 --- [oracleDbContainer] [           main] tc.testcontainers/ryuk:0.11.0            : Container testcontainers/ryuk:0.11.0 started in PT2.321048S
2025-04-28T09:41:56.516-06:00  INFO 15805 --- [oracleDbContainer] [           main] o.t.utility.RyukResourceReaper           : Ryuk started - will monitor and terminate Testcontainers containers on JVM exit
2025-04-28T09:41:56.516-06:00  INFO 15805 --- [oracleDbContainer] [           main] org.testcontainers.DockerClientFactory   : Checking the system...
2025-04-28T09:41:56.516-06:00  INFO 15805 --- [oracleDbContainer] [           main] org.testcontainers.DockerClientFactory   : ✔︎ Docker server version should be at least 1.6.0
2025-04-28T09:41:56.516-06:00  INFO 15805 --- [oracleDbContainer] [           main] t.g.6-slim-faststart                     : Creating container for image: gvenzl/oracle-free:23.6-slim-faststart
2025-04-28T09:41:56.557-06:00  INFO 15805 --- [oracleDbContainer] [           main] t.g.6-slim-faststart                     : Container gvenzl/oracle-free:23.6-slim-faststart is starting: f9be94ea9bba42bd94ee24b9ff2c39cf97b00eb3fff39f7a835a156022823c4a
2025-04-28T09:42:12.593-06:00  INFO 15805 --- [oracleDbContainer] [           main] t.g.6-slim-faststart                     : Container gvenzl/oracle-free:23.6-slim-faststart started in PT16.076184S
2025-04-28T09:42:12.597-06:00  INFO 15805 --- [oracleDbContainer] [           main] t.g.6-slim-faststart                     : Container is started (JDBC URL: jdbc:oracle:thin:@localhost:49947/freepdb1)
2025-04-28T09:42:12.638-06:00  INFO 15805 --- [oracleDbContainer] [           main] org.testcontainers.ext.ScriptUtils       : Executing database script from db-backup.sql
2025-04-28T09:42:13.632-06:00  INFO 15805 --- [oracleDbContainer] [           main] org.testcontainers.ext.ScriptUtils       : Executed database script from db-backup.sql in 993 ms.
]]></system-out>
  </testcase>
</testsuite>